<?xml version="1.0" encoding="UTF-8"?>
<testsuite xmlns:xsi="http://www.w3.org/2001/XMLSchema-instance" xsi:noNamespaceSchemaLocation="https://maven.apache.org/surefire/maven-surefire-plugin/xsd/surefire-test-report-3.0.xsd" version="3.0" name="TestSuite" time="33.844" tests="8" errors="0" skipped="0" failures="0">
  <properties>
    <property name="java.specification.version" value="20"/>
    <property name="webdriver.chrome.driver" value="C:\Users\adiat\.cache\selenium\chromedriver\win64\120.0.6099.109\chromedriver.exe"/>
    <property name="sun.cpu.isalist" value="amd64"/>
    <property name="sun.jnu.encoding" value="Cp1252"/>
    <property name="java.class.path" value="C:\Users\adiat\IdeaProjects\secondhand-web-selenium-cucumber\target\test-classes;C:\Users\adiat\IdeaProjects\secondhand-web-selenium-cucumber\target\classes;C:\Users\adiat\.m2\repository\io\cucumber\cucumber-java\7.14.1\cucumber-java-7.14.1.jar;C:\Users\adiat\.m2\repository\io\cucumber\cucumber-core\7.14.1\cucumber-core-7.14.1.jar;C:\Users\adiat\.m2\repository\io\cucumber\cucumber-gherkin\7.14.1\cucumber-gherkin-7.14.1.jar;C:\Users\adiat\.m2\repository\io\cucumber\cucumber-gherkin-messages\7.14.1\cucumber-gherkin-messages-7.14.1.jar;C:\Users\adiat\.m2\repository\io\cucumber\gherkin\26.2.0\gherkin-26.2.0.jar;C:\Users\adiat\.m2\repository\io\cucumber\messages\22.0.0\messages-22.0.0.jar;C:\Users\adiat\.m2\repository\io\cucumber\tag-expressions\6.0.0\tag-expressions-6.0.0.jar;C:\Users\adiat\.m2\repository\io\cucumber\cucumber-expressions\17.0.1\cucumber-expressions-17.0.1.jar;C:\Users\adiat\.m2\repository\io\cucumber\datatable\7.14.1\datatable-7.14.1.jar;C:\Users\adiat\.m2\repository\io\cucumber\cucumber-plugin\7.14.1\cucumber-plugin-7.14.1.jar;C:\Users\adiat\.m2\repository\io\cucumber\docstring\7.14.1\docstring-7.14.1.jar;C:\Users\adiat\.m2\repository\io\cucumber\html-formatter\20.4.0\html-formatter-20.4.0.jar;C:\Users\adiat\.m2\repository\io\cucumber\junit-xml-formatter\0.2.0\junit-xml-formatter-0.2.0.jar;C:\Users\adiat\.m2\repository\io\cucumber\ci-environment\10.0.0\ci-environment-10.0.0.jar;C:\Users\adiat\.m2\repository\org\apiguardian\apiguardian-api\1.1.2\apiguardian-api-1.1.2.jar;C:\Users\adiat\.m2\repository\io\cucumber\cucumber-testng\7.14.1\cucumber-testng-7.14.1.jar;C:\Users\adiat\.m2\repository\org\testng\testng\7.8.0\testng-7.8.0.jar;C:\Users\adiat\.m2\repository\com\beust\jcommander\1.82\jcommander-1.82.jar;C:\Users\adiat\.m2\repository\org\webjars\jquery\3.6.1\jquery-3.6.1.jar;C:\Users\adiat\.m2\repository\com\github\javafaker\javafaker\1.0.2\javafaker-1.0.2.jar;C:\Users\adiat\.m2\repository\org\apache\commons\commons-lang3\3.5\commons-lang3-3.5.jar;C:\Users\adiat\.m2\repository\org\yaml\snakeyaml\1.23\snakeyaml-1.23-android.jar;C:\Users\adiat\.m2\repository\com\github\mifmif\generex\1.0.2\generex-1.0.2.jar;C:\Users\adiat\.m2\repository\dk\brics\automaton\automaton\1.11-8\automaton-1.11-8.jar;C:\Users\adiat\.m2\repository\org\seleniumhq\selenium\selenium-java\4.15.0\selenium-java-4.15.0.jar;C:\Users\adiat\.m2\repository\org\seleniumhq\selenium\selenium-api\4.15.0\selenium-api-4.15.0.jar;C:\Users\adiat\.m2\repository\org\seleniumhq\selenium\selenium-chrome-driver\4.15.0\selenium-chrome-driver-4.15.0.jar;C:\Users\adiat\.m2\repository\com\google\auto\service\auto-service-annotations\1.1.1\auto-service-annotations-1.1.1.jar;C:\Users\adiat\.m2\repository\org\seleniumhq\selenium\selenium-chromium-driver\4.15.0\selenium-chromium-driver-4.15.0.jar;C:\Users\adiat\.m2\repository\org\seleniumhq\selenium\selenium-json\4.15.0\selenium-json-4.15.0.jar;C:\Users\adiat\.m2\repository\org\seleniumhq\selenium\selenium-manager\4.15.0\selenium-manager-4.15.0.jar;C:\Users\adiat\.m2\repository\org\seleniumhq\selenium\selenium-devtools-v117\4.15.0\selenium-devtools-v117-4.15.0.jar;C:\Users\adiat\.m2\repository\org\seleniumhq\selenium\selenium-devtools-v118\4.15.0\selenium-devtools-v118-4.15.0.jar;C:\Users\adiat\.m2\repository\org\seleniumhq\selenium\selenium-devtools-v119\4.15.0\selenium-devtools-v119-4.15.0.jar;C:\Users\adiat\.m2\repository\org\seleniumhq\selenium\selenium-devtools-v85\4.15.0\selenium-devtools-v85-4.15.0.jar;C:\Users\adiat\.m2\repository\org\seleniumhq\selenium\selenium-edge-driver\4.15.0\selenium-edge-driver-4.15.0.jar;C:\Users\adiat\.m2\repository\org\seleniumhq\selenium\selenium-firefox-driver\4.15.0\selenium-firefox-driver-4.15.0.jar;C:\Users\adiat\.m2\repository\org\seleniumhq\selenium\selenium-http\4.15.0\selenium-http-4.15.0.jar;C:\Users\adiat\.m2\repository\dev\failsafe\failsafe\3.3.2\failsafe-3.3.2.jar;C:\Users\adiat\.m2\repository\org\seleniumhq\selenium\selenium-ie-driver\4.15.0\selenium-ie-driver-4.15.0.jar;C:\Users\adiat\.m2\repository\org\seleniumhq\selenium\selenium-remote-driver\4.15.0\selenium-remote-driver-4.15.0.jar;C:\Users\adiat\.m2\repository\com\google\guava\guava\32.1.2-jre\guava-32.1.2-jre.jar;C:\Users\adiat\.m2\repository\com\google\guava\failureaccess\1.0.1\failureaccess-1.0.1.jar;C:\Users\adiat\.m2\repository\com\google\guava\listenablefuture\9999.0-empty-to-avoid-conflict-with-guava\listenablefuture-9999.0-empty-to-avoid-conflict-with-guava.jar;C:\Users\adiat\.m2\repository\com\google\code\findbugs\jsr305\3.0.2\jsr305-3.0.2.jar;C:\Users\adiat\.m2\repository\org\checkerframework\checker-qual\3.33.0\checker-qual-3.33.0.jar;C:\Users\adiat\.m2\repository\com\google\errorprone\error_prone_annotations\2.18.0\error_prone_annotations-2.18.0.jar;C:\Users\adiat\.m2\repository\com\google\j2objc\j2objc-annotations\2.8\j2objc-annotations-2.8.jar;C:\Users\adiat\.m2\repository\io\opentelemetry\opentelemetry-api\1.28.0\opentelemetry-api-1.28.0.jar;C:\Users\adiat\.m2\repository\io\opentelemetry\opentelemetry-context\1.28.0\opentelemetry-context-1.28.0.jar;C:\Users\adiat\.m2\repository\io\opentelemetry\opentelemetry-exporter-logging\1.28.0\opentelemetry-exporter-logging-1.28.0.jar;C:\Users\adiat\.m2\repository\io\opentelemetry\opentelemetry-sdk-metrics\1.28.0\opentelemetry-sdk-metrics-1.28.0.jar;C:\Users\adiat\.m2\repository\io\opentelemetry\opentelemetry-extension-incubator\1.28.0-alpha\opentelemetry-extension-incubator-1.28.0-alpha.jar;C:\Users\adiat\.m2\repository\io\opentelemetry\opentelemetry-sdk-logs\1.28.0\opentelemetry-sdk-logs-1.28.0.jar;C:\Users\adiat\.m2\repository\io\opentelemetry\opentelemetry-sdk-common\1.28.0\opentelemetry-sdk-common-1.28.0.jar;C:\Users\adiat\.m2\repository\io\opentelemetry\opentelemetry-sdk-extension-autoconfigure-spi\1.28.0\opentelemetry-sdk-extension-autoconfigure-spi-1.28.0.jar;C:\Users\adiat\.m2\repository\io\opentelemetry\opentelemetry-sdk-extension-autoconfigure\1.28.0\opentelemetry-sdk-extension-autoconfigure-1.28.0.jar;C:\Users\adiat\.m2\repository\io\opentelemetry\opentelemetry-api-events\1.28.0-alpha\opentelemetry-api-events-1.28.0-alpha.jar;C:\Users\adiat\.m2\repository\io\opentelemetry\opentelemetry-sdk-trace\1.28.0\opentelemetry-sdk-trace-1.28.0.jar;C:\Users\adiat\.m2\repository\io\opentelemetry\opentelemetry-sdk\1.28.0\opentelemetry-sdk-1.28.0.jar;C:\Users\adiat\.m2\repository\io\opentelemetry\opentelemetry-semconv\1.28.0-alpha\opentelemetry-semconv-1.28.0-alpha.jar;C:\Users\adiat\.m2\repository\net\bytebuddy\byte-buddy\1.14.5\byte-buddy-1.14.5.jar;C:\Users\adiat\.m2\repository\org\seleniumhq\selenium\selenium-os\4.15.0\selenium-os-4.15.0.jar;C:\Users\adiat\.m2\repository\org\apache\commons\commons-exec\1.3\commons-exec-1.3.jar;C:\Users\adiat\.m2\repository\org\seleniumhq\selenium\selenium-safari-driver\4.15.0\selenium-safari-driver-4.15.0.jar;C:\Users\adiat\.m2\repository\org\seleniumhq\selenium\selenium-support\4.15.0\selenium-support-4.15.0.jar;C:\Users\adiat\.m2\repository\io\github\bonigarcia\webdrivermanager\5.6.2\webdrivermanager-5.6.2.jar;C:\Users\adiat\.m2\repository\org\slf4j\slf4j-api\2.0.9\slf4j-api-2.0.9.jar;C:\Users\adiat\.m2\repository\com\google\code\gson\gson\2.10.1\gson-2.10.1.jar;C:\Users\adiat\.m2\repository\com\github\docker-java\docker-java\3.3.4\docker-java-3.3.4.jar;C:\Users\adiat\.m2\repository\com\github\docker-java\docker-java-core\3.3.4\docker-java-core-3.3.4.jar;C:\Users\adiat\.m2\repository\com\github\docker-java\docker-java-api\3.3.4\docker-java-api-3.3.4.jar;C:\Users\adiat\.m2\repository\com\fasterxml\jackson\core\jackson-annotations\2.10.3\jackson-annotations-2.10.3.jar;C:\Users\adiat\.m2\repository\commons-io\commons-io\2.13.0\commons-io-2.13.0.jar;C:\Users\adiat\.m2\repository\com\fasterxml\jackson\core\jackson-databind\2.10.3\jackson-databind-2.10.3.jar;C:\Users\adiat\.m2\repository\com\fasterxml\jackson\core\jackson-core\2.10.3\jackson-core-2.10.3.jar;C:\Users\adiat\.m2\repository\org\bouncycastle\bcpkix-jdk18on\1.76\bcpkix-jdk18on-1.76.jar;C:\Users\adiat\.m2\repository\org\bouncycastle\bcprov-jdk18on\1.76\bcprov-jdk18on-1.76.jar;C:\Users\adiat\.m2\repository\org\bouncycastle\bcutil-jdk18on\1.76\bcutil-jdk18on-1.76.jar;C:\Users\adiat\.m2\repository\org\slf4j\jcl-over-slf4j\1.7.30\jcl-over-slf4j-1.7.30.jar;C:\Users\adiat\.m2\repository\com\github\docker-java\docker-java-transport-httpclient5\3.3.4\docker-java-transport-httpclient5-3.3.4.jar;C:\Users\adiat\.m2\repository\com\github\docker-java\docker-java-transport\3.3.4\docker-java-transport-3.3.4.jar;C:\Users\adiat\.m2\repository\net\java\dev\jna\jna\5.13.0\jna-5.13.0.jar;C:\Users\adiat\.m2\repository\org\brotli\dec\0.1.2\dec-0.1.2.jar;C:\Users\adiat\.m2\repository\org\apache\commons\commons-compress\1.24.0\commons-compress-1.24.0.jar;C:\Users\adiat\.m2\repository\org\apache\httpcomponents\client5\httpclient5\5.2.1\httpclient5-5.2.1.jar;C:\Users\adiat\.m2\repository\org\apache\httpcomponents\core5\httpcore5\5.2\httpcore5-5.2.jar;C:\Users\adiat\.m2\repository\org\apache\httpcomponents\core5\httpcore5-h2\5.2\httpcore5-h2-5.2.jar;C:\Users\adiat\.m2\repository\org\slf4j\slf4j-simple\2.0.9\slf4j-simple-2.0.9.jar;C:\Users\adiat\.m2\repository\tech\grasshopper\extentreports-cucumber7-adapter\1.14.0\extentreports-cucumber7-adapter-1.14.0.jar;C:\Users\adiat\.m2\repository\com\aventstack\extentreports\5.1.0\extentreports-5.1.0.jar;C:\Users\adiat\.m2\repository\io\reactivex\rxjava3\rxjava\3.1.6\rxjava-3.1.6.jar;C:\Users\adiat\.m2\repository\org\reactivestreams\reactive-streams\1.0.4\reactive-streams-1.0.4.jar;C:\Users\adiat\.m2\repository\org\freemarker\freemarker\2.3.32\freemarker-2.3.32.jar;C:\Users\adiat\.m2\repository\org\projectlombok\lombok\1.18.26\lombok-1.18.26.jar;C:\Users\adiat\.m2\repository\tech\grasshopper\extent-pdf-report\2.12.0\extent-pdf-report-2.12.0.jar;C:\Users\adiat\.m2\repository\tech\grasshopper\cucumber-pdf-report\2.14.0\cucumber-pdf-report-2.14.0.jar;C:\Users\adiat\.m2\repository\org\apache\pdfbox\pdfbox\2.0.26\pdfbox-2.0.26.jar;C:\Users\adiat\.m2\repository\org\apache\pdfbox\fontbox\2.0.26\fontbox-2.0.26.jar;C:\Users\adiat\.m2\repository\org\knowm\xchart\xchart\3.8.0\xchart-3.8.0.jar;C:\Users\adiat\.m2\repository\de\erichseifert\vectorgraphics2d\VectorGraphics2D\0.13\VectorGraphics2D-0.13.jar;C:\Users\adiat\.m2\repository\de\rototor\pdfbox\graphics2d\0.30\graphics2d-0.30.jar;C:\Users\adiat\.m2\repository\com\madgag\animated-gif-lib\1.4\animated-gif-lib-1.4.jar;C:\Users\adiat\.m2\repository\org\yaml\snakeyaml\2.0\snakeyaml-2.0.jar;C:\Users\adiat\.m2\repository\tech\grasshopper\table-layout\1.5.1\table-layout-1.5.1.jar;C:\Users\adiat\.m2\repository\tech\grasshopper\rest-assured-cucumber-pdf-report\1.5.0\rest-assured-cucumber-pdf-report-1.5.0.jar;C:\Users\adiat\.m2\repository\org\jsoup\jsoup\1.15.3\jsoup-1.15.3.jar;C:\Users\adiat\.m2\repository\com\aventstack\klov-reporter\5.1.0\klov-reporter-5.1.0.jar;C:\Users\adiat\.m2\repository\org\mongodb\mongodb-driver\3.6.4\mongodb-driver-3.6.4.jar;C:\Users\adiat\.m2\repository\org\mongodb\mongodb-driver-core\3.6.4\mongodb-driver-core-3.6.4.jar;C:\Users\adiat\.m2\repository\org\mongodb\bson\3.6.4\bson-3.6.4.jar;C:\Users\adiat\.m2\repository\org\apache\httpcomponents\httpclient\4.5.13\httpclient-4.5.13.jar;C:\Users\adiat\.m2\repository\org\apache\httpcomponents\httpcore\4.4.13\httpcore-4.4.13.jar;C:\Users\adiat\.m2\repository\commons-logging\commons-logging\1.2\commons-logging-1.2.jar;C:\Users\adiat\.m2\repository\commons-codec\commons-codec\1.11\commons-codec-1.11.jar;C:\Users\adiat\.m2\repository\org\apache\httpcomponents\httpmime\4.5.13\httpmime-4.5.13.jar;C:\Users\adiat\.m2\repository\tech\grasshopper\htmlextentreporter\1.1.0\htmlextentreporter-1.1.0.jar;C:\Users\adiat\.m2\repository\tech\grasshopper\extent-excel-report\1.4.0\extent-excel-report-1.4.0.jar;C:\Users\adiat\.m2\repository\org\apache\poi\poi\5.2.3\poi-5.2.3.jar;C:\Users\adiat\.m2\repository\org\apache\commons\commons-collections4\4.4\commons-collections4-4.4.jar;C:\Users\adiat\.m2\repository\org\apache\commons\commons-math3\3.6.1\commons-math3-3.6.1.jar;C:\Users\adiat\.m2\repository\com\zaxxer\SparseBitSet\1.2\SparseBitSet-1.2.jar;C:\Users\adiat\.m2\repository\org\apache\logging\log4j\log4j-api\2.18.0\log4j-api-2.18.0.jar;C:\Users\adiat\.m2\repository\org\apache\poi\poi-ooxml\5.2.3\poi-ooxml-5.2.3.jar;C:\Users\adiat\.m2\repository\org\apache\poi\poi-ooxml-lite\5.2.3\poi-ooxml-lite-5.2.3.jar;C:\Users\adiat\.m2\repository\org\apache\xmlbeans\xmlbeans\5.1.1\xmlbeans-5.1.1.jar;C:\Users\adiat\.m2\repository\com\github\virtuald\curvesapi\1.07\curvesapi-1.07.jar;"/>
    <property name="java.vm.vendor" value="Oracle Corporation"/>
    <property name="sun.arch.data.model" value="64"/>
    <property name="user.variant" value=""/>
    <property name="java.vendor.url" value="https://java.oracle.com/"/>
    <property name="user.timezone" value="Asia/Jakarta"/>
    <property name="os.name" value="Windows 11"/>
    <property name="java.vm.specification.version" value="20"/>
    <property name="sun.java.launcher" value="SUN_STANDARD"/>
    <property name="user.country" value="ID"/>
    <property name="sun.boot.library.path" value="C:\Program Files\Java\jdk-20\bin"/>
    <property name="sun.java.command" value="C:\Users\adiat\AppData\Local\Temp\surefire1220752034649258522\surefirebooter17939260872178240755.jar C:\Users\adiat\AppData\Local\Temp\surefire1220752034649258522 2024-01-24T21-47-50_513-jvmRun1 surefire5337732267936548903tmp surefire_06223384276034449658tmp"/>
    <property name="jdk.debug" value="release"/>
    <property name="surefire.test.class.path" value="C:\Users\adiat\IdeaProjects\secondhand-web-selenium-cucumber\target\test-classes;C:\Users\adiat\IdeaProjects\secondhand-web-selenium-cucumber\target\classes;C:\Users\adiat\.m2\repository\io\cucumber\cucumber-java\7.14.1\cucumber-java-7.14.1.jar;C:\Users\adiat\.m2\repository\io\cucumber\cucumber-core\7.14.1\cucumber-core-7.14.1.jar;C:\Users\adiat\.m2\repository\io\cucumber\cucumber-gherkin\7.14.1\cucumber-gherkin-7.14.1.jar;C:\Users\adiat\.m2\repository\io\cucumber\cucumber-gherkin-messages\7.14.1\cucumber-gherkin-messages-7.14.1.jar;C:\Users\adiat\.m2\repository\io\cucumber\gherkin\26.2.0\gherkin-26.2.0.jar;C:\Users\adiat\.m2\repository\io\cucumber\messages\22.0.0\messages-22.0.0.jar;C:\Users\adiat\.m2\repository\io\cucumber\tag-expressions\6.0.0\tag-expressions-6.0.0.jar;C:\Users\adiat\.m2\repository\io\cucumber\cucumber-expressions\17.0.1\cucumber-expressions-17.0.1.jar;C:\Users\adiat\.m2\repository\io\cucumber\datatable\7.14.1\datatable-7.14.1.jar;C:\Users\adiat\.m2\repository\io\cucumber\cucumber-plugin\7.14.1\cucumber-plugin-7.14.1.jar;C:\Users\adiat\.m2\repository\io\cucumber\docstring\7.14.1\docstring-7.14.1.jar;C:\Users\adiat\.m2\repository\io\cucumber\html-formatter\20.4.0\html-formatter-20.4.0.jar;C:\Users\adiat\.m2\repository\io\cucumber\junit-xml-formatter\0.2.0\junit-xml-formatter-0.2.0.jar;C:\Users\adiat\.m2\repository\io\cucumber\ci-environment\10.0.0\ci-environment-10.0.0.jar;C:\Users\adiat\.m2\repository\org\apiguardian\apiguardian-api\1.1.2\apiguardian-api-1.1.2.jar;C:\Users\adiat\.m2\repository\io\cucumber\cucumber-testng\7.14.1\cucumber-testng-7.14.1.jar;C:\Users\adiat\.m2\repository\org\testng\testng\7.8.0\testng-7.8.0.jar;C:\Users\adiat\.m2\repository\com\beust\jcommander\1.82\jcommander-1.82.jar;C:\Users\adiat\.m2\repository\org\webjars\jquery\3.6.1\jquery-3.6.1.jar;C:\Users\adiat\.m2\repository\com\github\javafaker\javafaker\1.0.2\javafaker-1.0.2.jar;C:\Users\adiat\.m2\repository\org\apache\commons\commons-lang3\3.5\commons-lang3-3.5.jar;C:\Users\adiat\.m2\repository\org\yaml\snakeyaml\1.23\snakeyaml-1.23-android.jar;C:\Users\adiat\.m2\repository\com\github\mifmif\generex\1.0.2\generex-1.0.2.jar;C:\Users\adiat\.m2\repository\dk\brics\automaton\automaton\1.11-8\automaton-1.11-8.jar;C:\Users\adiat\.m2\repository\org\seleniumhq\selenium\selenium-java\4.15.0\selenium-java-4.15.0.jar;C:\Users\adiat\.m2\repository\org\seleniumhq\selenium\selenium-api\4.15.0\selenium-api-4.15.0.jar;C:\Users\adiat\.m2\repository\org\seleniumhq\selenium\selenium-chrome-driver\4.15.0\selenium-chrome-driver-4.15.0.jar;C:\Users\adiat\.m2\repository\com\google\auto\service\auto-service-annotations\1.1.1\auto-service-annotations-1.1.1.jar;C:\Users\adiat\.m2\repository\org\seleniumhq\selenium\selenium-chromium-driver\4.15.0\selenium-chromium-driver-4.15.0.jar;C:\Users\adiat\.m2\repository\org\seleniumhq\selenium\selenium-json\4.15.0\selenium-json-4.15.0.jar;C:\Users\adiat\.m2\repository\org\seleniumhq\selenium\selenium-manager\4.15.0\selenium-manager-4.15.0.jar;C:\Users\adiat\.m2\repository\org\seleniumhq\selenium\selenium-devtools-v117\4.15.0\selenium-devtools-v117-4.15.0.jar;C:\Users\adiat\.m2\repository\org\seleniumhq\selenium\selenium-devtools-v118\4.15.0\selenium-devtools-v118-4.15.0.jar;C:\Users\adiat\.m2\repository\org\seleniumhq\selenium\selenium-devtools-v119\4.15.0\selenium-devtools-v119-4.15.0.jar;C:\Users\adiat\.m2\repository\org\seleniumhq\selenium\selenium-devtools-v85\4.15.0\selenium-devtools-v85-4.15.0.jar;C:\Users\adiat\.m2\repository\org\seleniumhq\selenium\selenium-edge-driver\4.15.0\selenium-edge-driver-4.15.0.jar;C:\Users\adiat\.m2\repository\org\seleniumhq\selenium\selenium-firefox-driver\4.15.0\selenium-firefox-driver-4.15.0.jar;C:\Users\adiat\.m2\repository\org\seleniumhq\selenium\selenium-http\4.15.0\selenium-http-4.15.0.jar;C:\Users\adiat\.m2\repository\dev\failsafe\failsafe\3.3.2\failsafe-3.3.2.jar;C:\Users\adiat\.m2\repository\org\seleniumhq\selenium\selenium-ie-driver\4.15.0\selenium-ie-driver-4.15.0.jar;C:\Users\adiat\.m2\repository\org\seleniumhq\selenium\selenium-remote-driver\4.15.0\selenium-remote-driver-4.15.0.jar;C:\Users\adiat\.m2\repository\com\google\guava\guava\32.1.2-jre\guava-32.1.2-jre.jar;C:\Users\adiat\.m2\repository\com\google\guava\failureaccess\1.0.1\failureaccess-1.0.1.jar;C:\Users\adiat\.m2\repository\com\google\guava\listenablefuture\9999.0-empty-to-avoid-conflict-with-guava\listenablefuture-9999.0-empty-to-avoid-conflict-with-guava.jar;C:\Users\adiat\.m2\repository\com\google\code\findbugs\jsr305\3.0.2\jsr305-3.0.2.jar;C:\Users\adiat\.m2\repository\org\checkerframework\checker-qual\3.33.0\checker-qual-3.33.0.jar;C:\Users\adiat\.m2\repository\com\google\errorprone\error_prone_annotations\2.18.0\error_prone_annotations-2.18.0.jar;C:\Users\adiat\.m2\repository\com\google\j2objc\j2objc-annotations\2.8\j2objc-annotations-2.8.jar;C:\Users\adiat\.m2\repository\io\opentelemetry\opentelemetry-api\1.28.0\opentelemetry-api-1.28.0.jar;C:\Users\adiat\.m2\repository\io\opentelemetry\opentelemetry-context\1.28.0\opentelemetry-context-1.28.0.jar;C:\Users\adiat\.m2\repository\io\opentelemetry\opentelemetry-exporter-logging\1.28.0\opentelemetry-exporter-logging-1.28.0.jar;C:\Users\adiat\.m2\repository\io\opentelemetry\opentelemetry-sdk-metrics\1.28.0\opentelemetry-sdk-metrics-1.28.0.jar;C:\Users\adiat\.m2\repository\io\opentelemetry\opentelemetry-extension-incubator\1.28.0-alpha\opentelemetry-extension-incubator-1.28.0-alpha.jar;C:\Users\adiat\.m2\repository\io\opentelemetry\opentelemetry-sdk-logs\1.28.0\opentelemetry-sdk-logs-1.28.0.jar;C:\Users\adiat\.m2\repository\io\opentelemetry\opentelemetry-sdk-common\1.28.0\opentelemetry-sdk-common-1.28.0.jar;C:\Users\adiat\.m2\repository\io\opentelemetry\opentelemetry-sdk-extension-autoconfigure-spi\1.28.0\opentelemetry-sdk-extension-autoconfigure-spi-1.28.0.jar;C:\Users\adiat\.m2\repository\io\opentelemetry\opentelemetry-sdk-extension-autoconfigure\1.28.0\opentelemetry-sdk-extension-autoconfigure-1.28.0.jar;C:\Users\adiat\.m2\repository\io\opentelemetry\opentelemetry-api-events\1.28.0-alpha\opentelemetry-api-events-1.28.0-alpha.jar;C:\Users\adiat\.m2\repository\io\opentelemetry\opentelemetry-sdk-trace\1.28.0\opentelemetry-sdk-trace-1.28.0.jar;C:\Users\adiat\.m2\repository\io\opentelemetry\opentelemetry-sdk\1.28.0\opentelemetry-sdk-1.28.0.jar;C:\Users\adiat\.m2\repository\io\opentelemetry\opentelemetry-semconv\1.28.0-alpha\opentelemetry-semconv-1.28.0-alpha.jar;C:\Users\adiat\.m2\repository\net\bytebuddy\byte-buddy\1.14.5\byte-buddy-1.14.5.jar;C:\Users\adiat\.m2\repository\org\seleniumhq\selenium\selenium-os\4.15.0\selenium-os-4.15.0.jar;C:\Users\adiat\.m2\repository\org\apache\commons\commons-exec\1.3\commons-exec-1.3.jar;C:\Users\adiat\.m2\repository\org\seleniumhq\selenium\selenium-safari-driver\4.15.0\selenium-safari-driver-4.15.0.jar;C:\Users\adiat\.m2\repository\org\seleniumhq\selenium\selenium-support\4.15.0\selenium-support-4.15.0.jar;C:\Users\adiat\.m2\repository\io\github\bonigarcia\webdrivermanager\5.6.2\webdrivermanager-5.6.2.jar;C:\Users\adiat\.m2\repository\org\slf4j\slf4j-api\2.0.9\slf4j-api-2.0.9.jar;C:\Users\adiat\.m2\repository\com\google\code\gson\gson\2.10.1\gson-2.10.1.jar;C:\Users\adiat\.m2\repository\com\github\docker-java\docker-java\3.3.4\docker-java-3.3.4.jar;C:\Users\adiat\.m2\repository\com\github\docker-java\docker-java-core\3.3.4\docker-java-core-3.3.4.jar;C:\Users\adiat\.m2\repository\com\github\docker-java\docker-java-api\3.3.4\docker-java-api-3.3.4.jar;C:\Users\adiat\.m2\repository\com\fasterxml\jackson\core\jackson-annotations\2.10.3\jackson-annotations-2.10.3.jar;C:\Users\adiat\.m2\repository\commons-io\commons-io\2.13.0\commons-io-2.13.0.jar;C:\Users\adiat\.m2\repository\com\fasterxml\jackson\core\jackson-databind\2.10.3\jackson-databind-2.10.3.jar;C:\Users\adiat\.m2\repository\com\fasterxml\jackson\core\jackson-core\2.10.3\jackson-core-2.10.3.jar;C:\Users\adiat\.m2\repository\org\bouncycastle\bcpkix-jdk18on\1.76\bcpkix-jdk18on-1.76.jar;C:\Users\adiat\.m2\repository\org\bouncycastle\bcprov-jdk18on\1.76\bcprov-jdk18on-1.76.jar;C:\Users\adiat\.m2\repository\org\bouncycastle\bcutil-jdk18on\1.76\bcutil-jdk18on-1.76.jar;C:\Users\adiat\.m2\repository\org\slf4j\jcl-over-slf4j\1.7.30\jcl-over-slf4j-1.7.30.jar;C:\Users\adiat\.m2\repository\com\github\docker-java\docker-java-transport-httpclient5\3.3.4\docker-java-transport-httpclient5-3.3.4.jar;C:\Users\adiat\.m2\repository\com\github\docker-java\docker-java-transport\3.3.4\docker-java-transport-3.3.4.jar;C:\Users\adiat\.m2\repository\net\java\dev\jna\jna\5.13.0\jna-5.13.0.jar;C:\Users\adiat\.m2\repository\org\brotli\dec\0.1.2\dec-0.1.2.jar;C:\Users\adiat\.m2\repository\org\apache\commons\commons-compress\1.24.0\commons-compress-1.24.0.jar;C:\Users\adiat\.m2\repository\org\apache\httpcomponents\client5\httpclient5\5.2.1\httpclient5-5.2.1.jar;C:\Users\adiat\.m2\repository\org\apache\httpcomponents\core5\httpcore5\5.2\httpcore5-5.2.jar;C:\Users\adiat\.m2\repository\org\apache\httpcomponents\core5\httpcore5-h2\5.2\httpcore5-h2-5.2.jar;C:\Users\adiat\.m2\repository\org\slf4j\slf4j-simple\2.0.9\slf4j-simple-2.0.9.jar;C:\Users\adiat\.m2\repository\tech\grasshopper\extentreports-cucumber7-adapter\1.14.0\extentreports-cucumber7-adapter-1.14.0.jar;C:\Users\adiat\.m2\repository\com\aventstack\extentreports\5.1.0\extentreports-5.1.0.jar;C:\Users\adiat\.m2\repository\io\reactivex\rxjava3\rxjava\3.1.6\rxjava-3.1.6.jar;C:\Users\adiat\.m2\repository\org\reactivestreams\reactive-streams\1.0.4\reactive-streams-1.0.4.jar;C:\Users\adiat\.m2\repository\org\freemarker\freemarker\2.3.32\freemarker-2.3.32.jar;C:\Users\adiat\.m2\repository\org\projectlombok\lombok\1.18.26\lombok-1.18.26.jar;C:\Users\adiat\.m2\repository\tech\grasshopper\extent-pdf-report\2.12.0\extent-pdf-report-2.12.0.jar;C:\Users\adiat\.m2\repository\tech\grasshopper\cucumber-pdf-report\2.14.0\cucumber-pdf-report-2.14.0.jar;C:\Users\adiat\.m2\repository\org\apache\pdfbox\pdfbox\2.0.26\pdfbox-2.0.26.jar;C:\Users\adiat\.m2\repository\org\apache\pdfbox\fontbox\2.0.26\fontbox-2.0.26.jar;C:\Users\adiat\.m2\repository\org\knowm\xchart\xchart\3.8.0\xchart-3.8.0.jar;C:\Users\adiat\.m2\repository\de\erichseifert\vectorgraphics2d\VectorGraphics2D\0.13\VectorGraphics2D-0.13.jar;C:\Users\adiat\.m2\repository\de\rototor\pdfbox\graphics2d\0.30\graphics2d-0.30.jar;C:\Users\adiat\.m2\repository\com\madgag\animated-gif-lib\1.4\animated-gif-lib-1.4.jar;C:\Users\adiat\.m2\repository\org\yaml\snakeyaml\2.0\snakeyaml-2.0.jar;C:\Users\adiat\.m2\repository\tech\grasshopper\table-layout\1.5.1\table-layout-1.5.1.jar;C:\Users\adiat\.m2\repository\tech\grasshopper\rest-assured-cucumber-pdf-report\1.5.0\rest-assured-cucumber-pdf-report-1.5.0.jar;C:\Users\adiat\.m2\repository\org\jsoup\jsoup\1.15.3\jsoup-1.15.3.jar;C:\Users\adiat\.m2\repository\com\aventstack\klov-reporter\5.1.0\klov-reporter-5.1.0.jar;C:\Users\adiat\.m2\repository\org\mongodb\mongodb-driver\3.6.4\mongodb-driver-3.6.4.jar;C:\Users\adiat\.m2\repository\org\mongodb\mongodb-driver-core\3.6.4\mongodb-driver-core-3.6.4.jar;C:\Users\adiat\.m2\repository\org\mongodb\bson\3.6.4\bson-3.6.4.jar;C:\Users\adiat\.m2\repository\org\apache\httpcomponents\httpclient\4.5.13\httpclient-4.5.13.jar;C:\Users\adiat\.m2\repository\org\apache\httpcomponents\httpcore\4.4.13\httpcore-4.4.13.jar;C:\Users\adiat\.m2\repository\commons-logging\commons-logging\1.2\commons-logging-1.2.jar;C:\Users\adiat\.m2\repository\commons-codec\commons-codec\1.11\commons-codec-1.11.jar;C:\Users\adiat\.m2\repository\org\apache\httpcomponents\httpmime\4.5.13\httpmime-4.5.13.jar;C:\Users\adiat\.m2\repository\tech\grasshopper\htmlextentreporter\1.1.0\htmlextentreporter-1.1.0.jar;C:\Users\adiat\.m2\repository\tech\grasshopper\extent-excel-report\1.4.0\extent-excel-report-1.4.0.jar;C:\Users\adiat\.m2\repository\org\apache\poi\poi\5.2.3\poi-5.2.3.jar;C:\Users\adiat\.m2\repository\org\apache\commons\commons-collections4\4.4\commons-collections4-4.4.jar;C:\Users\adiat\.m2\repository\org\apache\commons\commons-math3\3.6.1\commons-math3-3.6.1.jar;C:\Users\adiat\.m2\repository\com\zaxxer\SparseBitSet\1.2\SparseBitSet-1.2.jar;C:\Users\adiat\.m2\repository\org\apache\logging\log4j\log4j-api\2.18.0\log4j-api-2.18.0.jar;C:\Users\adiat\.m2\repository\org\apache\poi\poi-ooxml\5.2.3\poi-ooxml-5.2.3.jar;C:\Users\adiat\.m2\repository\org\apache\poi\poi-ooxml-lite\5.2.3\poi-ooxml-lite-5.2.3.jar;C:\Users\adiat\.m2\repository\org\apache\xmlbeans\xmlbeans\5.1.1\xmlbeans-5.1.1.jar;C:\Users\adiat\.m2\repository\com\github\virtuald\curvesapi\1.07\curvesapi-1.07.jar;"/>
    <property name="sun.cpu.endian" value="little"/>
    <property name="user.home" value="C:\Users\adiat"/>
    <property name="user.language" value="en"/>
    <property name="java.specification.vendor" value="Oracle Corporation"/>
    <property name="java.version.date" value="2023-03-21"/>
    <property name="java.home" value="C:\Program Files\Java\jdk-20"/>
    <property name="file.separator" value="\"/>
    <property name="basedir" value="C:\Users\adiat\IdeaProjects\secondhand-web-selenium-cucumber"/>
    <property name="java.vm.compressedOopsMode" value="Zero based"/>
    <property name="line.separator" value="&#10;"/>
    <property name="java.vm.specification.vendor" value="Oracle Corporation"/>
    <property name="java.specification.name" value="Java Platform API Specification"/>
    <property name="surefire.real.class.path" value="C:\Users\adiat\AppData\Local\Temp\surefire1220752034649258522\surefirebooter17939260872178240755.jar"/>
    <property name="user.script" value=""/>
    <property name="sun.management.compiler" value="HotSpot 64-Bit Tiered Compilers"/>
    <property name="java.runtime.version" value="20+36-2344"/>
    <property name="user.name" value="adiat"/>
    <property name="stdout.encoding" value="Cp1252"/>
    <property name="path.separator" value=";"/>
    <property name="os.version" value="10.0"/>
    <property name="java.runtime.name" value="Java(TM) SE Runtime Environment"/>
    <property name="file.encoding" value="UTF-8"/>
    <property name="java.vm.name" value="Java HotSpot(TM) 64-Bit Server VM"/>
    <property name="localRepository" value="C:\Users\adiat\.m2\repository"/>
    <property name="java.vendor.url.bug" value="https://bugreport.java.com/bugreport/"/>
    <property name="java.io.tmpdir" value="C:\Users\adiat\AppData\Local\Temp\"/>
    <property name="java.version" value="20"/>
    <property name="user.dir" value="C:\Users\adiat\IdeaProjects\secondhand-web-selenium-cucumber"/>
    <property name="os.arch" value="amd64"/>
    <property name="java.vm.specification.name" value="Java Virtual Machine Specification"/>
    <property name="sun.os.patch.level" value=""/>
    <property name="native.encoding" value="Cp1252"/>
    <property name="java.library.path" value="C:\Program Files\Java\jdk-20\bin;C:\WINDOWS\Sun\Java\bin;C:\WINDOWS\system32;C:\WINDOWS;C:\Program Files\Java\jdk-20\bin;C:\Program Files\Common Files\Oracle\Java\javapath;C:\windows\system32;C:\windows;C:\windows\System32\Wbem;C:\windows\System32\WindowsPowerShell\v1.0\;C:\windows\System32\OpenSSH\;C:\Program Files (x86)\NVIDIA Corporation\PhysX\Common;C:\Program Files\NVIDIA Corporation\NVIDIA NvDLISR;C:\Program Files\nodejs\;C:\ProgramData\chocolatey\bin;C:\Program Files\Git\cmd;C:\Program Files\Java\jdk-20\bin;C:\Users\adiat\AppData\Local\Android\Sdk\emulator;C:\Users\adiat\AppData\Local\Android\Sdk\platform-tools;C:\Program Files\Go\bin;C:\src\allure-commandline-2.21.0\allure-2.21.0\bin;C:\Users\adiat\fvm\versions\3.7.7\bin;C:\WINDOWS\system32;C:\WINDOWS;C:\WINDOWS\System32\Wbem;C:\WINDOWS\System32\WindowsPowerShell\v1.0\;C:\WINDOWS\System32\OpenSSH\;C:\src\webdriver;C:\MinGW\bin;C:\MinGW\msys\1.0\bin;C:\Program Files\GTK3-Runtime Win64\bin;C:\src\apache-maven-3.9.5\bin;C:\Users\adiat\AppData\Local\Programs\Python\Python311\Scripts\;C:\Program Files\Java\jdk-20\bin;C:\Users\adiat\AppData\Local\Programs\Python\Python311\;C:\Users\adiat\AppData\Local\Microsoft\WindowsApps;C:\Users\adiat\AppData\Local\Programs\Microsoft VS Code\bin;C:\Users\adiat\AppData\Roaming\npm;C:\src\flutter\bin;C:\Users\adiat\AppData\Local\Pub\Cache\bin;C:\Users\adiat\AppData\Local\Android\Sdk\emulator;C:\Users\adiat\go\bin;C:\src\webdriver;C:\Users\adiat\AppData\Local\JetBrains\IntelliJ IDEA Educational Edition 2022.2.2\bin;;;."/>
    <property name="java.vm.info" value="mixed mode, sharing"/>
    <property name="stderr.encoding" value="Cp1252"/>
    <property name="java.vendor" value="Oracle Corporation"/>
    <property name="java.vm.version" value="20+36-2344"/>
    <property name="sun.io.unicode.encoding" value="UnicodeLittle"/>
    <property name="java.class.version" value="64.0"/>
  </properties>
  <testcase name="runScenario[&quot;As a user, I should be able to log in using correct registered data on secondhand-binaracademy&quot;, &quot;Login&quot;](1)" classname="com.shidqiadiatma.runners.testRunner" time="2.666">
    <system-out><![CDATA[
@login @login @positive
Scenario: As a user, I should be able to log in using correct registered data on secondhand-binaracademy # src/test/java/com/shidqiadiatma/features/loginUser.feature:5
  Given user navigate to url "https://secondhand.binaracademy.org/users/sign_in"                         # com.shidqiadiatma.steps.commonStep.navigateToUrl(java.lang.String)
  When user login using "correct registered credential"                                                  # com.shidqiadiatma.steps.loginStep.loginAs(java.lang.String)
  Then user direct to dashboard screen                                                                   # com.shidqiadiatma.steps.registerStep.userDirectToDashboardScreen()
  * user take screenshot "user-login-successfully"                                                       # com.shidqiadiatma.steps.commonStep.user_take_screenshot(java.lang.String)
]]></system-out>
    <system-err><![CDATA[[TestNG-test=regression test - secondhand binar-1] INFO io.github.bonigarcia.wdm.WebDriverManager - Using chromedriver 120.0.6099.109 (resolved driver for Chrome 120)
[TestNG-test=regression test - secondhand binar-1] INFO io.github.bonigarcia.wdm.WebDriverManager - Exporting webdriver.chrome.driver as C:\Users\adiat\.cache\selenium\chromedriver\win64\120.0.6099.109\chromedriver.exe
Jan 24, 2024 9:47:57 PM org.openqa.selenium.devtools.CdpVersionFinder findNearestMatch
WARNING: Unable to find an exact match for CDP version 120, returning the closest version; found: 119; Please update to a Selenium version that supports CDP version 120
]]></system-err>
  </testcase>
  <testcase name="runScenario[&quot;As a user, I can&apos;t log in using wrong password to secondhand-binaracademy&quot;, &quot;Login&quot;](2)" classname="com.shidqiadiatma.runners.testRunner" time="2.431">
    <system-out><![CDATA[
@login @login @negative @smoke
Scenario Outline: As a user, I can't log in using wrong password to secondhand-binaracademy # src/test/java/com/shidqiadiatma/features/loginUser.feature:22
  Given user navigate to url "https://secondhand.binaracademy.org/users/sign_in"            # com.shidqiadiatma.steps.commonStep.navigateToUrl(java.lang.String)
  When user login using "wrong password"                                                    # com.shidqiadiatma.steps.loginStep.loginAs(java.lang.String)
  Then user verify snackbar error with value "Invalid Email or password." exists            # com.shidqiadiatma.steps.loginStep.userVerifySnackbarErrorWithValue(java.lang.String)
  * user take screenshot "user-failed-login"                                                # com.shidqiadiatma.steps.commonStep.user_take_screenshot(java.lang.String)
]]></system-out>
    <system-err><![CDATA[[TestNG-test=regression test - secondhand binar-1] INFO io.github.bonigarcia.wdm.WebDriverManager - Using chromedriver 120.0.6099.109 (resolved driver for Chrome 120)
[TestNG-test=regression test - secondhand binar-1] INFO io.github.bonigarcia.wdm.WebDriverManager - Exporting webdriver.chrome.driver as C:\Users\adiat\.cache\selenium\chromedriver\win64\120.0.6099.109\chromedriver.exe
Jan 24, 2024 9:48:00 PM org.openqa.selenium.devtools.CdpVersionFinder findNearestMatch
WARNING: Unable to find an exact match for CDP version 120, returning the closest version; found: 119; Please update to a Selenium version that supports CDP version 120
]]></system-err>
  </testcase>
  <testcase name="runScenario[&quot;As a user, I should be able to register with an unregistered email on secondhand-binaracademy.&quot;, &quot;Register&quot;](3)" classname="com.shidqiadiatma.runners.testRunner" time="2.624">
    <system-out><![CDATA[
@register @register @positive
Scenario: As a user, I should be able to register with an unregistered email on secondhand-binaracademy. # src/test/java/com/shidqiadiatma/features/registerUser.feature:5
  Given user navigate to url "https://secondhand.binaracademy.org/users/sign_up"                         # com.shidqiadiatma.steps.commonStep.navigateToUrl(java.lang.String)
  When user registration using "correct unregistered data"                                               # com.shidqiadiatma.steps.registerStep.userRegistrationUsing(java.lang.String)
  Then user direct to dashboard screen                                                                   # com.shidqiadiatma.steps.registerStep.userDirectToDashboardScreen()
  * user take screenshot "user-register-successfully"                                                    # com.shidqiadiatma.steps.commonStep.user_take_screenshot(java.lang.String)
]]></system-out>
    <system-err><![CDATA[[TestNG-test=regression test - secondhand binar-1] INFO io.github.bonigarcia.wdm.WebDriverManager - Using chromedriver 120.0.6099.109 (resolved driver for Chrome 120)
[TestNG-test=regression test - secondhand binar-1] INFO io.github.bonigarcia.wdm.WebDriverManager - Exporting webdriver.chrome.driver as C:\Users\adiat\.cache\selenium\chromedriver\win64\120.0.6099.109\chromedriver.exe
Jan 24, 2024 9:48:04 PM org.openqa.selenium.devtools.CdpVersionFinder findNearestMatch
WARNING: Unable to find an exact match for CDP version 120, returning the closest version; found: 119; Please update to a Selenium version that supports CDP version 120
]]></system-err>
  </testcase>
  <testcase name="runScenario[&quot;As a user, I shouldn&apos;t be able to register with a registered email on secondhand-binaracademy.&quot;, &quot;Register&quot;](4)" classname="com.shidqiadiatma.runners.testRunner" time="2.512">
    <system-out><![CDATA[
@register @register @negative
Scenario Outline: As a user, I shouldn't be able to register with a registered email on secondhand-binaracademy. # src/test/java/com/shidqiadiatma/features/registerUser.feature:20
  Given user navigate to url "https://secondhand.binaracademy.org/users/sign_up"                                 # com.shidqiadiatma.steps.commonStep.navigateToUrl(java.lang.String)
  When user registration using "registered data"                                                                 # com.shidqiadiatma.steps.registerStep.userRegistrationUsing(java.lang.String)
  Then user verify inline error with value "Email has already been taken" exists                                 # com.shidqiadiatma.steps.registerStep.userVerifyInlineErrorWithValue(java.lang.String)
  * user take screenshot "user-failed-register"                                                                  # com.shidqiadiatma.steps.commonStep.user_take_screenshot(java.lang.String)
]]></system-out>
    <system-err><![CDATA[[TestNG-test=regression test - secondhand binar-1] INFO io.github.bonigarcia.wdm.WebDriverManager - Using chromedriver 120.0.6099.109 (resolved driver for Chrome 120)
[TestNG-test=regression test - secondhand binar-1] INFO io.github.bonigarcia.wdm.WebDriverManager - Exporting webdriver.chrome.driver as C:\Users\adiat\.cache\selenium\chromedriver\win64\120.0.6099.109\chromedriver.exe
Jan 24, 2024 9:48:07 PM org.openqa.selenium.devtools.CdpVersionFinder findNearestMatch
WARNING: Unable to find an exact match for CDP version 120, returning the closest version; found: 119; Please update to a Selenium version that supports CDP version 120
]]></system-err>
  </testcase>
  <testcase name="runScenario[&quot;As a user, I should be able to sell the product&quot;, &quot;Update Profile&quot;](5)" classname="com.shidqiadiatma.runners.testRunner" time="2.975">
    <system-out><![CDATA[
@sell @sell @positive
Scenario: As a user, I should be able to sell the product                        # src/test/java/com/shidqiadiatma/features/sellProduct.feature:5
  Given user navigate to url "https://secondhand.binaracademy.org/users/sign_in" # com.shidqiadiatma.steps.commonStep.navigateToUrl(java.lang.String)
  When user login using "correct registered credential"                          # com.shidqiadiatma.steps.loginStep.loginAs(java.lang.String)
  * user click jual button                                                       # com.shidqiadiatma.steps.sellProductStep.userClickJualButton()
  * user fills in all product data                                               # com.shidqiadiatma.steps.sellProductStep.userFillsInAllProductData()
  * user click Terbitkan button                                                  # com.shidqiadiatma.steps.sellProductStep.userClickTerbitkanButton()
  Then user verify product uploaded successfully                                 # com.shidqiadiatma.steps.sellProductStep.userVerifyProductUploadedSuccessfully()
  * user take screenshot "user-sell-product-successfully"                        # com.shidqiadiatma.steps.commonStep.user_take_screenshot(java.lang.String)
]]></system-out>
    <system-err><![CDATA[[TestNG-test=regression test - secondhand binar-1] INFO io.github.bonigarcia.wdm.WebDriverManager - Using chromedriver 120.0.6099.109 (resolved driver for Chrome 120)
[TestNG-test=regression test - secondhand binar-1] INFO io.github.bonigarcia.wdm.WebDriverManager - Exporting webdriver.chrome.driver as C:\Users\adiat\.cache\selenium\chromedriver\win64\120.0.6099.109\chromedriver.exe
Jan 24, 2024 9:48:10 PM org.openqa.selenium.devtools.CdpVersionFinder findNearestMatch
WARNING: Unable to find an exact match for CDP version 120, returning the closest version; found: 119; Please update to a Selenium version that supports CDP version 120
]]></system-err>
  </testcase>
  <testcase name="runScenario[&quot;As a user, I can preview the product before selling it.&quot;, &quot;Update Profile&quot;](6)" classname="com.shidqiadiatma.runners.testRunner" time="3.399">
    <system-out><![CDATA[
@sell @sell @positive
Scenario: As a user, I can preview the product before selling it.                # src/test/java/com/shidqiadiatma/features/sellProduct.feature:15
  Given user navigate to url "https://secondhand.binaracademy.org/users/sign_in" # com.shidqiadiatma.steps.commonStep.navigateToUrl(java.lang.String)
  When user login using "correct registered credential"                          # com.shidqiadiatma.steps.loginStep.loginAs(java.lang.String)
  * user click jual button                                                       # com.shidqiadiatma.steps.sellProductStep.userClickJualButton()
  * user fills in all product data                                               # com.shidqiadiatma.steps.sellProductStep.userFillsInAllProductData()
  * user click Preview button                                                    # com.shidqiadiatma.steps.sellProductStep.userClickPreviewButton()
  Then user verify can see the preview screen                                    # com.shidqiadiatma.steps.sellProductStep.userVerifyCanSeeThePreviewScreen()
  * user take screenshot "user-is-on-preview-screen"                             # com.shidqiadiatma.steps.commonStep.user_take_screenshot(java.lang.String)
]]></system-out>
    <system-err><![CDATA[[TestNG-test=regression test - secondhand binar-1] INFO io.github.bonigarcia.wdm.WebDriverManager - Using chromedriver 120.0.6099.109 (resolved driver for Chrome 120)
[TestNG-test=regression test - secondhand binar-1] INFO io.github.bonigarcia.wdm.WebDriverManager - Exporting webdriver.chrome.driver as C:\Users\adiat\.cache\selenium\chromedriver\win64\120.0.6099.109\chromedriver.exe
Jan 24, 2024 9:48:14 PM org.openqa.selenium.devtools.CdpVersionFinder findNearestMatch
WARNING: Unable to find an exact match for CDP version 120, returning the closest version; found: 119; Please update to a Selenium version that supports CDP version 120
]]></system-err>
  </testcase>
  <testcase name="runScenario[&quot;As a user, I can&apos;t sell product if i not login&quot;, &quot;Update Profile&quot;](7)" classname="com.shidqiadiatma.runners.testRunner" time="1.452">
    <system-out><![CDATA[
@sell @sell @negative
Scenario Outline: As a user, I can't sell product if i not login                                        # src/test/java/com/shidqiadiatma/features/sellProduct.feature:33
  Given user navigate to url "https://secondhand.binaracademy.org/"                                     # com.shidqiadiatma.steps.commonStep.navigateToUrl(java.lang.String)
  When user click jual button                                                                           # com.shidqiadiatma.steps.sellProductStep.userClickJualButton()
  Then user verify snackbar error with value "You need to sign in or sign up before continuing." exists # com.shidqiadiatma.steps.loginStep.userVerifySnackbarErrorWithValue(java.lang.String)
  * user take screenshot "user-is-on-login-screen-and-failed-to-sell-product"                           # com.shidqiadiatma.steps.commonStep.user_take_screenshot(java.lang.String)
]]></system-out>
    <system-err><![CDATA[[TestNG-test=regression test - secondhand binar-1] INFO io.github.bonigarcia.wdm.WebDriverManager - Using chromedriver 120.0.6099.109 (resolved driver for Chrome 120)
[TestNG-test=regression test - secondhand binar-1] INFO io.github.bonigarcia.wdm.WebDriverManager - Exporting webdriver.chrome.driver as C:\Users\adiat\.cache\selenium\chromedriver\win64\120.0.6099.109\chromedriver.exe
Jan 24, 2024 9:48:18 PM org.openqa.selenium.devtools.CdpVersionFinder findNearestMatch
WARNING: Unable to find an exact match for CDP version 120, returning the closest version; found: 119; Please update to a Selenium version that supports CDP version 120
]]></system-err>
  </testcase>
  <testcase name="runScenario[&quot;As a user, I should be able to update profile&quot;, &quot;Update Profile&quot;](8)" classname="com.shidqiadiatma.runners.testRunner" time="3.404">
    <system-out><![CDATA[
@profile @profile @positive
Scenario: As a user, I should be able to update profile                          # src/test/java/com/shidqiadiatma/features/updateProfile.feature:5
  Given user navigate to url "https://secondhand.binaracademy.org/users/sign_in" # com.shidqiadiatma.steps.commonStep.navigateToUrl(java.lang.String)
  When user login using "correct registered credential"                          # com.shidqiadiatma.steps.loginStep.loginAs(java.lang.String)
  * user click profile icon                                                      # com.shidqiadiatma.steps.profileStep.userClickProfileIcon()
  * user change user profile data                                                # com.shidqiadiatma.steps.profileStep.userChangeProfileData()
  Then user verify profile data is changes                                       # com.shidqiadiatma.steps.profileStep.userVerifyProfileDataIsChanges()
  * user take screenshot "user-update-profile-successfully"                      # com.shidqiadiatma.steps.commonStep.user_take_screenshot(java.lang.String)
]]></system-out>
    <system-err><![CDATA[[TestNG-test=regression test - secondhand binar-1] INFO io.github.bonigarcia.wdm.WebDriverManager - Using chromedriver 120.0.6099.109 (resolved driver for Chrome 120)
[TestNG-test=regression test - secondhand binar-1] INFO io.github.bonigarcia.wdm.WebDriverManager - Exporting webdriver.chrome.driver as C:\Users\adiat\.cache\selenium\chromedriver\win64\120.0.6099.109\chromedriver.exe
Jan 24, 2024 9:48:20 PM org.openqa.selenium.devtools.CdpVersionFinder findNearestMatch
WARNING: Unable to find an exact match for CDP version 120, returning the closest version; found: 119; Please update to a Selenium version that supports CDP version 120
]]></system-err>
  </testcase>
</testsuite>