<?xml version="1.0" encoding="UTF-8"?>
<!-- Generated by org.testng.reporters.JUnitReportReporter -->
<testsuite hostname="shidqiadiatma" failures="0" tests="8" name="com.shidqiadiatma.runners.testRunner" time="32.317" errors="0" timestamp="2024-01-24T21:48:25 WIB" skipped="0">
  <testcase classname="com.shidqiadiatma.runners.testRunner" name="runScenario" time="4.161"/>
  <testcase classname="com.shidqiadiatma.runners.testRunner" name="runScenario" time="2.309"/>
  <testcase classname="com.shidqiadiatma.runners.testRunner" name="runScenario" time="3.270"/>
  <testcase classname="com.shidqiadiatma.runners.testRunner" name="runScenario" time="3.301"/>
  <testcase classname="com.shidqiadiatma.runners.testRunner" name="runScenario" time="7.802"/>
  <testcase classname="com.shidqiadiatma.runners.testRunner" name="runScenario" time="4.221"/>
  <testcase classname="com.shidqiadiatma.runners.testRunner" name="runScenario" time="3.433"/>
  <testcase classname="com.shidqiadiatma.runners.testRunner" name="runScenario" time="3.820"/>
</testsuite> <!-- com.shidqiadiatma.runners.testRunner -->
