<?xml version="1.0" encoding="UTF-8"?>
<!-- Generated by org.testng.reporters.JUnitReportReporter -->
<testsuite hostname="shidqiadiatma" failures="0" tests="6" name="com.shidqiadiatma.runners.testRunner" time="30.072" errors="0" timestamp="2023-12-04T23:05:12 WIB" skipped="0">
  <testcase classname="com.shidqiadiatma.runners.testRunner" name="runScenario" time="4.745"/>
  <testcase classname="com.shidqiadiatma.runners.testRunner" name="runScenario" time="4.710"/>
  <testcase classname="com.shidqiadiatma.runners.testRunner" name="runScenario" time="5.703"/>
  <testcase classname="com.shidqiadiatma.runners.testRunner" name="runScenario" time="4.774"/>
  <testcase classname="com.shidqiadiatma.runners.testRunner" name="runScenario" time="5.331"/>
  <testcase classname="com.shidqiadiatma.runners.testRunner" name="runScenario" time="4.809"/>
</testsuite> <!-- com.shidqiadiatma.runners.testRunner -->
