<?xml version="1.0" encoding="UTF-8"?>
<!-- Generated by org.testng.reporters.JUnitReportReporter -->
<testsuite hostname="shidqiadiatma" failures="0" tests="1" name="com.shidqiadiatma.runners.testRunner" time="8.936" errors="0" timestamp="2023-12-02T13:47:59 WIB" skipped="0">
  <testcase classname="com.shidqiadiatma.runners.testRunner" name="runScenario" time="8.936"/>
</testsuite> <!-- com.shidqiadiatma.runners.testRunner -->
