<?xml version="1.0" encoding="UTF-8"?>
<!-- Generated by org.testng.reporters.JUnitReportReporter -->
<testsuite hostname="shidqiadiatma" failures="0" tests="8" name="com.shidqiadiatma.runners.testRunner" time="30.965" errors="0" timestamp="2023-12-07T18:01:03 WIB" skipped="0">
  <testcase classname="com.shidqiadiatma.runners.testRunner" name="runScenario" time="2.232"/>
  <testcase classname="com.shidqiadiatma.runners.testRunner" name="runScenario" time="3.239"/>
  <testcase classname="com.shidqiadiatma.runners.testRunner" name="runScenario" time="3.956"/>
  <testcase classname="com.shidqiadiatma.runners.testRunner" name="runScenario" time="3.691"/>
  <testcase classname="com.shidqiadiatma.runners.testRunner" name="runScenario" time="5.533"/>
  <testcase classname="com.shidqiadiatma.runners.testRunner" name="runScenario" time="4.144"/>
  <testcase classname="com.shidqiadiatma.runners.testRunner" name="runScenario" time="3.833"/>
  <testcase classname="com.shidqiadiatma.runners.testRunner" name="runScenario" time="4.337"/>
</testsuite> <!-- com.shidqiadiatma.runners.testRunner -->
