<?xml version="1.0" encoding="UTF-8"?>
<!-- Generated by org.testng.reporters.JUnitReportReporter -->
<testsuite hostname="shidqiadiatma" failures="0" tests="8" name="com.shidqiadiatma.runners.testRunner" time="33.347" errors="0" timestamp="2023-12-07T18:24:17 WIB" skipped="0">
  <testcase classname="com.shidqiadiatma.runners.testRunner" name="runScenario" time="3.722"/>
  <testcase classname="com.shidqiadiatma.runners.testRunner" name="runScenario" time="2.008"/>
  <testcase classname="com.shidqiadiatma.runners.testRunner" name="runScenario" time="4.141"/>
  <testcase classname="com.shidqiadiatma.runners.testRunner" name="runScenario" time="4.466"/>
  <testcase classname="com.shidqiadiatma.runners.testRunner" name="runScenario" time="3.759"/>
  <testcase classname="com.shidqiadiatma.runners.testRunner" name="runScenario" time="3.971"/>
  <testcase classname="com.shidqiadiatma.runners.testRunner" name="runScenario" time="6.541"/>
  <testcase classname="com.shidqiadiatma.runners.testRunner" name="runScenario" time="4.739"/>
</testsuite> <!-- com.shidqiadiatma.runners.testRunner -->
